Analysis & Synthesis report for SCH
Mon Feb 19 08:57:58 2024
Quartus Prime Version 18.1.0 Build 625 09/12/2018 SJ Lite Edition


---------------------
; Table of Contents ;
---------------------
  1. Legal Notice
  2. Analysis & Synthesis Summary
  3. Analysis & Synthesis Settings
  4. Parallel Compilation
  5. Analysis & Synthesis Source Files Read
  6. Analysis & Synthesis Resource Usage Summary
  7. Analysis & Synthesis Resource Utilization by Entity
  8. General Register Statistics
  9. Parameter Settings for User Entity Instance: 7485:inst32
 10. Parameter Settings for User Entity Instance: 7485:inst31
 11. Parameter Settings for User Entity Instance: 7485:inst35
 12. Parameter Settings for User Entity Instance: 7485:inst34
 13. Post-Synthesis Netlist Statistics for Top Partition
 14. Elapsed Time Per Partition
 15. Analysis & Synthesis Messages



----------------
; Legal Notice ;
----------------
Copyright (C) 2018  Intel Corporation. All rights reserved.
Your use of Intel Corporation's design tools, logic functions 
and other software and tools, and its AMPP partner logic 
functions, and any output files from any of the foregoing 
(including device programming or simulation files), and any 
associated documentation or information are expressly subject 
to the terms and conditions of the Intel Program License 
Subscription Agreement, the Intel Quartus Prime License Agreement,
the Intel FPGA IP License Agreement, or other applicable license
agreement, including, without limitation, that your use is for
the sole purpose of programming logic devices manufactured by
Intel and sold by Intel or its authorized distributors.  Please
refer to the applicable agreement for further details.



+----------------------------------------------------------------------------------+
; Analysis & Synthesis Summary                                                     ;
+------------------------------------+---------------------------------------------+
; Analysis & Synthesis Status        ; Successful - Mon Feb 19 08:57:58 2024       ;
; Quartus Prime Version              ; 18.1.0 Build 625 09/12/2018 SJ Lite Edition ;
; Revision Name                      ; SCH                                         ;
; Top-level Entity Name              ; SCH                                         ;
; Family                             ; MAX 10                                      ;
; Total logic elements               ; 41                                          ;
;     Total combinational functions  ; 41                                          ;
;     Dedicated logic registers      ; 0                                           ;
; Total registers                    ; 0                                           ;
; Total pins                         ; 23                                          ;
; Total virtual pins                 ; 0                                           ;
; Total memory bits                  ; 0                                           ;
; Embedded Multiplier 9-bit elements ; 0                                           ;
; Total PLLs                         ; 0                                           ;
; UFM blocks                         ; 0                                           ;
; ADC blocks                         ; 0                                           ;
+------------------------------------+---------------------------------------------+


+------------------------------------------------------------------------------------------------------------+
; Analysis & Synthesis Settings                                                                              ;
+------------------------------------------------------------------+--------------------+--------------------+
; Option                                                           ; Setting            ; Default Value      ;
+------------------------------------------------------------------+--------------------+--------------------+
; Device                                                           ; 10M50DAF484I7G     ;                    ;
; Top-level entity name                                            ; SCH                ; SCH                ;
; Family name                                                      ; MAX 10             ; Cyclone V          ;
; Use smart compilation                                            ; Off                ; Off                ;
; Enable parallel Assembler and Timing Analyzer during compilation ; On                 ; On                 ;
; Enable compact report table                                      ; Off                ; Off                ;
; Restructure Multiplexers                                         ; Auto               ; Auto               ;
; Create Debugging Nodes for IP Cores                              ; Off                ; Off                ;
; Preserve fewer node names                                        ; On                 ; On                 ;
; Intel FPGA IP Evaluation Mode                                    ; Enable             ; Enable             ;
; Verilog Version                                                  ; Verilog_2001       ; Verilog_2001       ;
; VHDL Version                                                     ; VHDL_1993          ; VHDL_1993          ;
; State Machine Processing                                         ; Auto               ; Auto               ;
; Safe State Machine                                               ; Off                ; Off                ;
; Extract Verilog State Machines                                   ; On                 ; On                 ;
; Extract VHDL State Machines                                      ; On                 ; On                 ;
; Ignore Verilog initial constructs                                ; Off                ; Off                ;
; Iteration limit for constant Verilog loops                       ; 5000               ; 5000               ;
; Iteration limit for non-constant Verilog loops                   ; 250                ; 250                ;
; Add Pass-Through Logic to Inferred RAMs                          ; On                 ; On                 ;
; Infer RAMs from Raw Logic                                        ; On                 ; On                 ;
; Parallel Synthesis                                               ; On                 ; On                 ;
; DSP Block Balancing                                              ; Auto               ; Auto               ;
; NOT Gate Push-Back                                               ; On                 ; On                 ;
; Power-Up Don't Care                                              ; On                 ; On                 ;
; Remove Redundant Logic Cells                                     ; Off                ; Off                ;
; Remove Duplicate Registers                                       ; On                 ; On                 ;
; Ignore CARRY Buffers                                             ; Off                ; Off                ;
; Ignore CASCADE Buffers                                           ; Off                ; Off                ;
; Ignore GLOBAL Buffers                                            ; Off                ; Off                ;
; Ignore ROW GLOBAL Buffers                                        ; Off                ; Off                ;
; Ignore LCELL Buffers                                             ; Off                ; Off                ;
; Ignore SOFT Buffers                                              ; On                 ; On                 ;
; Limit AHDL Integers to 32 Bits                                   ; Off                ; Off                ;
; Optimization Technique                                           ; Balanced           ; Balanced           ;
; Carry Chain Length                                               ; 70                 ; 70                 ;
; Auto Carry Chains                                                ; On                 ; On                 ;
; Auto Open-Drain Pins                                             ; On                 ; On                 ;
; Perform WYSIWYG Primitive Resynthesis                            ; Off                ; Off                ;
; Auto ROM Replacement                                             ; On                 ; On                 ;
; Auto RAM Replacement                                             ; On                 ; On                 ;
; Auto DSP Block Replacement                                       ; On                 ; On                 ;
; Auto Shift Register Replacement                                  ; Auto               ; Auto               ;
; Allow Shift Register Merging across Hierarchies                  ; Auto               ; Auto               ;
; Auto Clock Enable Replacement                                    ; On                 ; On                 ;
; Strict RAM Replacement                                           ; Off                ; Off                ;
; Allow Synchronous Control Signals                                ; On                 ; On                 ;
; Force Use of Synchronous Clear Signals                           ; Off                ; Off                ;
; Auto RAM Block Balancing                                         ; On                 ; On                 ;
; Auto RAM to Logic Cell Conversion                                ; Off                ; Off                ;
; Auto Resource Sharing                                            ; Off                ; Off                ;
; Allow Any RAM Size For Recognition                               ; Off                ; Off                ;
; Allow Any ROM Size For Recognition                               ; Off                ; Off                ;
; Allow Any Shift Register Size For Recognition                    ; Off                ; Off                ;
; Use LogicLock Constraints during Resource Balancing              ; On                 ; On                 ;
; Ignore translate_off and synthesis_off directives                ; Off                ; Off                ;
; Timing-Driven Synthesis                                          ; On                 ; On                 ;
; Report Parameter Settings                                        ; On                 ; On                 ;
; Report Source Assignments                                        ; On                 ; On                 ;
; Report Connectivity Checks                                       ; On                 ; On                 ;
; Ignore Maximum Fan-Out Assignments                               ; Off                ; Off                ;
; Synchronization Register Chain Length                            ; 2                  ; 2                  ;
; Power Optimization During Synthesis                              ; Normal compilation ; Normal compilation ;
; HDL message level                                                ; Level2             ; Level2             ;
; Suppress Register Optimization Related Messages                  ; Off                ; Off                ;
; Number of Removed Registers Reported in Synthesis Report         ; 5000               ; 5000               ;
; Number of Swept Nodes Reported in Synthesis Report               ; 5000               ; 5000               ;
; Number of Inverted Registers Reported in Synthesis Report        ; 100                ; 100                ;
; Clock MUX Protection                                             ; On                 ; On                 ;
; Auto Gated Clock Conversion                                      ; Off                ; Off                ;
; Block Design Naming                                              ; Auto               ; Auto               ;
; SDC constraint protection                                        ; Off                ; Off                ;
; Synthesis Effort                                                 ; Auto               ; Auto               ;
; Shift Register Replacement - Allow Asynchronous Clear Signal     ; On                 ; On                 ;
; Pre-Mapping Resynthesis Optimization                             ; Off                ; Off                ;
; Analysis & Synthesis Message Level                               ; Medium             ; Medium             ;
; Disable Register Merging Across Hierarchies                      ; Auto               ; Auto               ;
; Resource Aware Inference For Block RAM                           ; On                 ; On                 ;
+------------------------------------------------------------------+--------------------+--------------------+


+------------------------------------------+
; Parallel Compilation                     ;
+----------------------------+-------------+
; Processors                 ; Number      ;
+----------------------------+-------------+
; Number detected on machine ; 12          ;
; Maximum allowed            ; 12          ;
;                            ;             ;
; Average used               ; 1.00        ;
; Maximum used               ; 1           ;
;                            ;             ;
; Usage by Processor         ; % Time Used ;
;     Processor 1            ; 100.0%      ;
+----------------------------+-------------+


+------------------------------------------------------------------------------------------------------------------------------------------------------------------------+
; Analysis & Synthesis Source Files Read                                                                                                                                 ;
+----------------------------------+-----------------+------------------------------------+--------------------------------------------------------------------+---------+
; File Name with User-Entered Path ; Used in Netlist ; File Type                          ; File Name with Absolute Path                                       ; Library ;
+----------------------------------+-----------------+------------------------------------+--------------------------------------------------------------------+---------+
; SCH.bdf                          ; yes             ; User Block Diagram/Schematic File  ; C:/Quartus/SCH/SCH.bdf                                             ;         ;
; 7485.tdf                         ; yes             ; Megafunction                       ; c:/intelfpga_lite/18.1/quartus/libraries/others/maxplus2/7485.tdf  ;         ;
; aglobal.inc                      ; yes             ; Megafunction                       ; c:/intelfpga_lite/18.1/quartus/libraries/megafunctions/aglobal.inc ;         ;
; f7485.bdf                        ; yes             ; Megafunction                       ; c:/intelfpga_lite/18.1/quartus/libraries/others/maxplus2/f7485.bdf ;         ;
; 7447.bdf                         ; yes             ; Megafunction                       ; c:/intelfpga_lite/18.1/quartus/libraries/others/maxplus2/7447.bdf  ;         ;
; 74185.bdf                        ; yes             ; Megafunction                       ; c:/intelfpga_lite/18.1/quartus/libraries/others/maxplus2/74185.bdf ;         ;
+----------------------------------+-----------------+------------------------------------+--------------------------------------------------------------------+---------+


+--------------------------------------------------------------+
; Analysis & Synthesis Resource Usage Summary                  ;
+---------------------------------------------+----------------+
; Resource                                    ; Usage          ;
+---------------------------------------------+----------------+
; Estimated Total logic elements              ; 41             ;
;                                             ;                ;
; Total combinational functions               ; 41             ;
; Logic element usage by number of LUT inputs ;                ;
;     -- 4 input functions                    ; 30             ;
;     -- 3 input functions                    ; 8              ;
;     -- <=2 input functions                  ; 3              ;
;                                             ;                ;
; Logic elements by mode                      ;                ;
;     -- normal mode                          ; 41             ;
;     -- arithmetic mode                      ; 0              ;
;                                             ;                ;
; Total registers                             ; 0              ;
;     -- Dedicated logic registers            ; 0              ;
;     -- I/O registers                        ; 0              ;
;                                             ;                ;
; I/O pins                                    ; 23             ;
;                                             ;                ;
; Embedded Multiplier 9-bit elements          ; 0              ;
;                                             ;                ;
; Maximum fan-out node                        ; Validate~input ;
; Maximum fan-out                             ; 18             ;
; Total fan-out                               ; 186            ;
; Average fan-out                             ; 2.14           ;
+---------------------------------------------+----------------+


+-------------------------------------------------------------------------------------------------------------------------------------------------------------------------------------------------------------------------------------------+
; Analysis & Synthesis Resource Utilization by Entity                                                                                                                                                                                       ;
+----------------------------+---------------------+---------------------------+-------------+------------+--------------+---------+-----------+------+--------------+------------+----------------------------+-------------+--------------+
; Compilation Hierarchy Node ; Combinational ALUTs ; Dedicated Logic Registers ; Memory Bits ; UFM Blocks ; DSP Elements ; DSP 9x9 ; DSP 18x18 ; Pins ; Virtual Pins ; ADC blocks ; Full Hierarchy Name        ; Entity Name ; Library Name ;
+----------------------------+---------------------+---------------------------+-------------+------------+--------------+---------+-----------+------+--------------+------------+----------------------------+-------------+--------------+
; |SCH                       ; 41 (24)             ; 0 (0)                     ; 0           ; 0          ; 0            ; 0       ; 0         ; 23   ; 0            ; 0          ; |SCH                       ; SCH         ; work         ;
;    |74185:inst|            ; 11 (11)             ; 0 (0)                     ; 0           ; 0          ; 0            ; 0       ; 0         ; 0    ; 0            ; 0          ; |SCH|74185:inst            ; 74185       ; work         ;
;    |7485:inst31|           ; 1 (0)               ; 0 (0)                     ; 0           ; 0          ; 0            ; 0       ; 0         ; 0    ; 0            ; 0          ; |SCH|7485:inst31           ; 7485        ; work         ;
;       |f7485:sub|          ; 1 (1)               ; 0 (0)                     ; 0           ; 0          ; 0            ; 0       ; 0         ; 0    ; 0            ; 0          ; |SCH|7485:inst31|f7485:sub ; f7485       ; work         ;
;    |7485:inst32|           ; 1 (0)               ; 0 (0)                     ; 0           ; 0          ; 0            ; 0       ; 0         ; 0    ; 0            ; 0          ; |SCH|7485:inst32           ; 7485        ; work         ;
;       |f7485:sub|          ; 1 (1)               ; 0 (0)                     ; 0           ; 0          ; 0            ; 0       ; 0         ; 0    ; 0            ; 0          ; |SCH|7485:inst32|f7485:sub ; f7485       ; work         ;
;    |7485:inst34|           ; 1 (0)               ; 0 (0)                     ; 0           ; 0          ; 0            ; 0       ; 0         ; 0    ; 0            ; 0          ; |SCH|7485:inst34           ; 7485        ; work         ;
;       |f7485:sub|          ; 1 (1)               ; 0 (0)                     ; 0           ; 0          ; 0            ; 0       ; 0         ; 0    ; 0            ; 0          ; |SCH|7485:inst34|f7485:sub ; f7485       ; work         ;
;    |7485:inst35|           ; 3 (0)               ; 0 (0)                     ; 0           ; 0          ; 0            ; 0       ; 0         ; 0    ; 0            ; 0          ; |SCH|7485:inst35           ; 7485        ; work         ;
;       |f7485:sub|          ; 3 (3)               ; 0 (0)                     ; 0           ; 0          ; 0            ; 0       ; 0         ; 0    ; 0            ; 0          ; |SCH|7485:inst35|f7485:sub ; f7485       ; work         ;
+----------------------------+---------------------+---------------------------+-------------+------------+--------------+---------+-----------+------+--------------+------------+----------------------------+-------------+--------------+
Note: For table entries with two numbers listed, the numbers in parentheses indicate the number of resources of the given type used by the specific entity alone. The numbers listed outside of parentheses indicate the total resources of the given type used by the specific entity and all of its sub-entities in the hierarchy.


+------------------------------------------------------+
; General Register Statistics                          ;
+----------------------------------------------+-------+
; Statistic                                    ; Value ;
+----------------------------------------------+-------+
; Total registers                              ; 0     ;
; Number of registers using Synchronous Clear  ; 0     ;
; Number of registers using Synchronous Load   ; 0     ;
; Number of registers using Asynchronous Clear ; 0     ;
; Number of registers using Asynchronous Load  ; 0     ;
; Number of registers using Clock Enable       ; 0     ;
; Number of registers using Preset             ; 0     ;
+----------------------------------------------+-------+


+----------------------------------------------------------+
; Parameter Settings for User Entity Instance: 7485:inst32 ;
+------------------------+--------+------------------------+
; Parameter Name         ; Value  ; Type                   ;
+------------------------+--------+------------------------+
; DEVICE_FAMILY          ; MAX 10 ; Untyped                ;
; AUTO_CARRY_CHAINS      ; ON     ; AUTO_CARRY             ;
; IGNORE_CARRY_BUFFERS   ; OFF    ; IGNORE_CARRY           ;
; AUTO_CASCADE_CHAINS    ; ON     ; AUTO_CASCADE           ;
; IGNORE_CASCADE_BUFFERS ; OFF    ; IGNORE_CASCADE         ;
+------------------------+--------+------------------------+
Note: In order to hide this table in the UI and the text report file, please set the "Show Parameter Settings in Synthesis Report" option in "Analysis and Synthesis Settings -> More Settings" to "Off".


+----------------------------------------------------------+
; Parameter Settings for User Entity Instance: 7485:inst31 ;
+------------------------+--------+------------------------+
; Parameter Name         ; Value  ; Type                   ;
+------------------------+--------+------------------------+
; DEVICE_FAMILY          ; MAX 10 ; Untyped                ;
; AUTO_CARRY_CHAINS      ; ON     ; AUTO_CARRY             ;
; IGNORE_CARRY_BUFFERS   ; OFF    ; IGNORE_CARRY           ;
; AUTO_CASCADE_CHAINS    ; ON     ; AUTO_CASCADE           ;
; IGNORE_CASCADE_BUFFERS ; OFF    ; IGNORE_CASCADE         ;
+------------------------+--------+------------------------+
Note: In order to hide this table in the UI and the text report file, please set the "Show Parameter Settings in Synthesis Report" option in "Analysis and Synthesis Settings -> More Settings" to "Off".


+----------------------------------------------------------+
; Parameter Settings for User Entity Instance: 7485:inst35 ;
+------------------------+--------+------------------------+
; Parameter Name         ; Value  ; Type                   ;
+------------------------+--------+------------------------+
; DEVICE_FAMILY          ; MAX 10 ; Untyped                ;
; AUTO_CARRY_CHAINS      ; ON     ; AUTO_CARRY             ;
; IGNORE_CARRY_BUFFERS   ; OFF    ; IGNORE_CARRY           ;
; AUTO_CASCADE_CHAINS    ; ON     ; AUTO_CASCADE           ;
; IGNORE_CASCADE_BUFFERS ; OFF    ; IGNORE_CASCADE         ;
+------------------------+--------+------------------------+
Note: In order to hide this table in the UI and the text report file, please set the "Show Parameter Settings in Synthesis Report" option in "Analysis and Synthesis Settings -> More Settings" to "Off".


+----------------------------------------------------------+
; Parameter Settings for User Entity Instance: 7485:inst34 ;
+------------------------+--------+------------------------+
; Parameter Name         ; Value  ; Type                   ;
+------------------------+--------+------------------------+
; DEVICE_FAMILY          ; MAX 10 ; Untyped                ;
; AUTO_CARRY_CHAINS      ; ON     ; AUTO_CARRY             ;
; IGNORE_CARRY_BUFFERS   ; OFF    ; IGNORE_CARRY           ;
; AUTO_CASCADE_CHAINS    ; ON     ; AUTO_CASCADE           ;
; IGNORE_CASCADE_BUFFERS ; OFF    ; IGNORE_CASCADE         ;
+------------------------+--------+------------------------+
Note: In order to hide this table in the UI and the text report file, please set the "Show Parameter Settings in Synthesis Report" option in "Analysis and Synthesis Settings -> More Settings" to "Off".


+-----------------------------------------------------+
; Post-Synthesis Netlist Statistics for Top Partition ;
+-----------------------+-----------------------------+
; Type                  ; Count                       ;
+-----------------------+-----------------------------+
; boundary_port         ; 23                          ;
; cycloneiii_lcell_comb ; 41                          ;
;     normal            ; 41                          ;
;         0 data inputs ; 1                           ;
;         1 data inputs ; 1                           ;
;         2 data inputs ; 1                           ;
;         3 data inputs ; 8                           ;
;         4 data inputs ; 30                          ;
;                       ;                             ;
; Max LUT depth         ; 5.00                        ;
; Average LUT depth     ; 3.40                        ;
+-----------------------+-----------------------------+


+-------------------------------+
; Elapsed Time Per Partition    ;
+----------------+--------------+
; Partition Name ; Elapsed Time ;
+----------------+--------------+
; Top            ; 00:00:01     ;
+----------------+--------------+


+-------------------------------+
; Analysis & Synthesis Messages ;
+-------------------------------+
Info: *******************************************************************
Info: Running Quartus Prime Analysis & Synthesis
    Info: Version 18.1.0 Build 625 09/12/2018 SJ Lite Edition
    Info: Processing started: Mon Feb 19 08:57:36 2024
Info: Command: quartus_map --read_settings_files=on --write_settings_files=off SCH -c SCH
Warning (18236): Number of processors has not been specified which may cause overloading on shared machines.  Set the global assignment NUM_PARALLEL_PROCESSORS in your QSF to an appropriate value for best performance.
Info (20030): Parallel compilation is enabled and will use 12 of the 12 processors detected
Info (12021): Found 1 design units, including 1 entities, in source file sch.bdf
    Info (12023): Found entity 1: SCH
Info (12127): Elaborating entity "SCH" for the top level hierarchy
Warning (275080): Converted elements in bus name "D0" using legacy naming rules. Make any assignments on the new names, not on the original names.
    Warning (275081): Converted element name(s) from "D0[0]" to "D00"
    Warning (275081): Converted element name(s) from "D0[1]" to "D01"
    Warning (275081): Converted element name(s) from "D0[2]" to "D02"
    Warning (275081): Converted element name(s) from "D0[3]" to "D03"
    Warning (275081): Converted element name(s) from "D0[4]" to "D04"
    Warning (275081): Converted element name(s) from "D0[5]" to "D05"
    Warning (275081): Converted element name(s) from "D0[6]" to "D06"
Warning (275080): Converted elements in bus name "D01" using legacy naming rules. Make any assignments on the new names, not on the original names.
    Warning (275081): Converted element name(s) from "D01[2]" to "D012"
Warning (275089): Not all bits in bus "D1[6..0]" are used
Warning (275080): Converted elements in bus name "D1" using legacy naming rules. Make any assignments on the new names, not on the original names.
    Warning (275081): Converted element name(s) from "D1[0]" to "D10"
    Warning (275081): Converted element name(s) from "D1[1]" to "D11"
    Warning (275081): Converted element name(s) from "D1[3]" to "D13"
    Warning (275081): Converted element name(s) from "D1[4]" to "D14"
    Warning (275081): Converted element name(s) from "D1[5]" to "D15"
    Warning (275081): Converted element name(s) from "D1[6]" to "D16"
Info (12128): Elaborating entity "7485" for hierarchy "7485:inst32"
Info (12130): Elaborated megafunction instantiation "7485:inst32"
Info (12128): Elaborating entity "f7485" for hierarchy "7485:inst32|f7485:sub" File: c:/intelfpga_lite/18.1/quartus/libraries/others/maxplus2/7485.tdf Line: 27
Info (12131): Elaborated megafunction instantiation "7485:inst32|f7485:sub", which is child of megafunction instantiation "7485:inst32" File: c:/intelfpga_lite/18.1/quartus/libraries/others/maxplus2/7485.tdf Line: 27
Info (12128): Elaborating entity "7485" for hierarchy "7485:inst31"
Info (12130): Elaborated megafunction instantiation "7485:inst31"
Info (12128): Elaborating entity "7485" for hierarchy "7485:inst35"
Info (12130): Elaborated megafunction instantiation "7485:inst35"
Info (12128): Elaborating entity "7447" for hierarchy "7447:inst9"
Info (12130): Elaborated megafunction instantiation "7447:inst9"
Info (12128): Elaborating entity "74185" for hierarchy "74185:inst"
Info (12130): Elaborated megafunction instantiation "74185:inst"
Info (13014): Ignored 4 buffer(s)
    Info (13017): Ignored 4 CASCADE buffer(s)
Info (286030): Timing-Driven Synthesis is running
Info (17016): Found the following redundant logic cells in design
    Info (17048): Logic cell "7485:inst31|f7485:sub|84"
    Info (17048): Logic cell "7485:inst34|f7485:sub|84"
Info (16010): Generating hard_block partition "hard_block:auto_generated_inst"
    Info (16011): Adding 0 node(s), including 0 DDIO, 0 PLL, 0 transceiver and 0 LCELL
Info (21057): Implemented 64 device resources after synthesis - the final resource count might be different
    Info (21058): Implemented 7 input pins
    Info (21059): Implemented 16 output pins
    Info (21061): Implemented 41 logic cells
Info: Quartus Prime Analysis & Synthesis was successful. 0 errors, 19 warnings
    Info: Peak virtual memory: 4778 megabytes
    Info: Processing ended: Mon Feb 19 08:57:58 2024
    Info: Elapsed time: 00:00:22
    Info: Total CPU time (on all processors): 00:00:24


